# JRE version: OpenJDK Runtime Environment (8.0_212-b04) (build 1.8.0_212-release-1586-b04)
# Java VM: OpenJDK 64-Bit Server VM (25.212-b04 mixed mode windows-amd64 compressed oops)
Heap:
 PSYoungGen      total 82432K, used 66280K [0x00000000d6c00000, 0x00000000de500000, 0x0000000100000000)
  eden space 66560K, 77% used [0x00000000d6c00000,0x00000000d9e8fec0,0x00000000dad00000)
  from space 15872K, 91% used [0x00000000dad00000,0x00000000dbb2a4e0,0x00000000dbc80000)
  to   space 17408K, 0% used [0x00000000dd400000,0x00000000dd400000,0x00000000de500000)
 ParOldGen       total 121344K, used 25681K [0x0000000084400000, 0x000000008ba80000, 0x00000000d6c00000)
  object space 121344K, 21% used [0x0000000084400000,0x0000000085d147c8,0x000000008ba80000)
 Metaspace       used 46340K, capacity 47130K, committed 47536K, reserved 1091584K
  class space    used 5799K, capacity 5999K, committed 6064K, reserved 1048576K
GC Heap History (10 events):
Event: 12.537 GC heap before
{Heap before GC invocations=5 (full 1):
 PSYoungGen      total 36864K, used 31744K [0x00000000d6c00000, 0x00000000db400000, 0x0000000100000000)
  eden space 31744K, 100% used [0x00000000d6c00000,0x00000000d8b00000,0x00000000d8b00000)
  from space 5120K, 0% used [0x00000000d8b00000,0x00000000d8b00000,0x00000000d9000000)
  to   space 5120K, 0% used [0x00000000daf00000,0x00000000daf00000,0x00000000db400000)
 ParOldGen       total 66048K, used 9453K [0x0000000084400000, 0x0000000088480000, 0x00000000d6c00000)
  object space 66048K, 14% used [0x0000000084400000,0x0000000084d3b678,0x0000000088480000)
 Metaspace       used 23544K, capacity 23987K, committed 24240K, reserved 1071104K
  class space    used 2826K, capacity 2954K, committed 2992K, reserved 1048576K
Event: 12.622 GC heap after
Heap after GC invocations=5 (full 1):
 PSYoungGen      total 51200K, used 5088K [0x00000000d6c00000, 0x00000000db400000, 0x0000000100000000)
  eden space 46080K, 0% used [0x00000000d6c00000,0x00000000d6c00000,0x00000000d9900000)
  from space 5120K, 99% used [0x00000000daf00000,0x00000000db3f8200,0x00000000db400000)
  to   space 5120K, 0% used [0x00000000daa00000,0x00000000daa00000,0x00000000daf00000)
 ParOldGen       total 66048K, used 11344K [0x0000000084400000, 0x0000000088480000, 0x00000000d6c00000)
  object space 66048K, 17% used [0x0000000084400000,0x0000000084f140d8,0x0000000088480000)
 Metaspace       used 23544K, capacity 23987K, committed 24240K, reserved 1071104K
  class space    used 2826K, capacity 2954K, committed 2992K, reserved 1048576K
}
Event: 14.733 GC heap before
{Heap before GC invocations=6 (full 1):
 PSYoungGen      total 51200K, used 51168K [0x00000000d6c00000, 0x00000000db400000, 0x0000000100000000)
  eden space 46080K, 100% used [0x00000000d6c00000,0x00000000d9900000,0x00000000d9900000)
  from space 5120K, 99% used [0x00000000daf00000,0x00000000db3f8200,0x00000000db400000)
  to   space 5120K, 0% used [0x00000000daa00000,0x00000000daa00000,0x00000000daf00000)
 ParOldGen       total 66048K, used 11344K [0x0000000084400000, 0x0000000088480000, 0x00000000d6c00000)
  object space 66048K, 17% used [0x0000000084400000,0x0000000084f140d8,0x0000000088480000)
 Metaspace       used 31630K, capacity 32118K, committed 32432K, reserved 1077248K
  class space    used 4019K, capacity 4178K, committed 4272K, reserved 1048576K
Event: 14.753 GC heap after
Heap after GC invocations=6 (full 1):
 PSYoungGen      total 68608K, used 5090K [0x00000000d6c00000, 0x00000000dcc80000, 0x0000000100000000)
  eden space 63488K, 0% used [0x00000000d6c00000,0x00000000d6c00000,0x00000000daa00000)
  from space 5120K, 99% used [0x00000000daa00000,0x00000000daef8918,0x00000000daf00000)
  to   space 16384K, 0% used [0x00000000dbc80000,0x00000000dbc80000,0x00000000dcc80000)
 ParOldGen       total 66048K, used 22949K [0x0000000084400000, 0x0000000088480000, 0x00000000d6c00000)
  object space 66048K, 34% used [0x0000000084400000,0x0000000085a69588,0x0000000088480000)
 Metaspace       used 31630K, capacity 32118K, committed 32432K, reserved 1077248K
  class space    used 4019K, capacity 4178K, committed 4272K, reserved 1048576K
}
Event: 16.214 GC heap before
{Heap before GC invocations=7 (full 1):
 PSYoungGen      total 68608K, used 20227K [0x00000000d6c00000, 0x00000000dcc80000, 0x0000000100000000)
  eden space 63488K, 23% used [0x00000000d6c00000,0x00000000d7ac84c0,0x00000000daa00000)
  from space 5120K, 99% used [0x00000000daa00000,0x00000000daef8918,0x00000000daf00000)
  to   space 16384K, 0% used [0x00000000dbc80000,0x00000000dbc80000,0x00000000dcc80000)
 ParOldGen       total 66048K, used 22949K [0x0000000084400000, 0x0000000088480000, 0x00000000d6c00000)
  object space 66048K, 34% used [0x0000000084400000,0x0000000085a69588,0x0000000088480000)
 Metaspace       used 34665K, capacity 35200K, committed 35496K, reserved 1081344K
  class space    used 4410K, capacity 4576K, committed 4656K, reserved 1048576K
Event: 16.240 GC heap after
Heap after GC invocations=7 (full 1):
 PSYoungGen      total 82944K, used 9077K [0x00000000d6c00000, 0x00000000de500000, 0x0000000100000000)
  eden space 66560K, 0% used [0x00000000d6c00000,0x00000000d6c00000,0x00000000dad00000)
  from space 16384K, 55% used [0x00000000dbc80000,0x00000000dc55d5c8,0x00000000dcc80000)
  to   space 15872K, 0% used [0x00000000dad00000,0x00000000dad00000,0x00000000dbc80000)
 ParOldGen       total 66048K, used 22957K [0x0000000084400000, 0x0000000088480000, 0x00000000d6c00000)
  object space 66048K, 34% used [0x0000000084400000,0x0000000085a6b588,0x0000000088480000)
 Metaspace       used 34665K, capacity 35200K, committed 35496K, reserved 1081344K
  class space    used 4410K, capacity 4576K, committed 4656K, reserved 1048576K
}
Event: 16.240 GC heap before
{Heap before GC invocations=8 (full 2):
 PSYoungGen      total 82944K, used 9077K [0x00000000d6c00000, 0x00000000de500000, 0x0000000100000000)
  eden space 66560K, 0% used [0x00000000d6c00000,0x00000000d6c00000,0x00000000dad00000)
  from space 16384K, 55% used [0x00000000dbc80000,0x00000000dc55d5c8,0x00000000dcc80000)
  to   space 15872K, 0% used [0x00000000dad00000,0x00000000dad00000,0x00000000dbc80000)
 ParOldGen       total 66048K, used 22957K [0x0000000084400000, 0x0000000088480000, 0x00000000d6c00000)
  object space 66048K, 34% used [0x0000000084400000,0x0000000085a6b588,0x0000000088480000)
 Metaspace       used 34665K, capacity 35200K, committed 35496K, reserved 1081344K
  class space    used 4410K, capacity 4576K, committed 4656K, reserved 1048576K
Event: 16.518 GC heap after
Heap after GC invocations=8 (full 2):
 PSYoungGen      total 82944K, used 0K [0x00000000d6c00000, 0x00000000de500000, 0x0000000100000000)
  eden space 66560K, 0% used [0x00000000d6c00000,0x00000000d6c00000,0x00000000dad00000)
  from space 16384K, 0% used [0x00000000dbc80000,0x00000000dbc80000,0x00000000dcc80000)
  to   space 15872K, 0% used [0x00000000dad00000,0x00000000dad00000,0x00000000dbc80000)
 ParOldGen       total 121344K, used 25673K [0x0000000084400000, 0x000000008ba80000, 0x00000000d6c00000)
  object space 121344K, 21% used [0x0000000084400000,0x0000000085d127c8,0x000000008ba80000)
 Metaspace       used 34665K, capacity 35200K, committed 35496K, reserved 1081344K
  class space    used 4410K, capacity 4576K, committed 4656K, reserved 1048576K
}
Event: 20.965 GC heap before
{Heap before GC invocations=9 (full 2):
 PSYoungGen      total 82944K, used 66560K [0x00000000d6c00000, 0x00000000de500000, 0x0000000100000000)
  eden space 66560K, 100% used [0x00000000d6c00000,0x00000000dad00000,0x00000000dad00000)
  from space 16384K, 0% used [0x00000000dbc80000,0x00000000dbc80000,0x00000000dcc80000)
  to   space 15872K, 0% used [0x00000000dad00000,0x00000000dad00000,0x00000000dbc80000)
 ParOldGen       total 121344K, used 25673K [0x0000000084400000, 0x000000008ba80000, 0x00000000d6c00000)
  object space 121344K, 21% used [0x0000000084400000,0x0000000085d127c8,0x000000008ba80000)
 Metaspace       used 41998K, capacity 42706K, committed 43056K, reserved 1087488K
  class space    used 5363K, capacity 5575K, committed 5680K, reserved 1048576K
Event: 21.012 GC heap after
Heap after GC invocations=9 (full 2):
 PSYoungGen      total 82432K, used 14505K [0x00000000d6c00000, 0x00000000de500000, 0x0000000100000000)
  eden space 66560K, 0% used [0x00000000d6c00000,0x00000000d6c00000,0x00000000dad00000)
  from space 15872K, 91% used [0x00000000dad00000,0x00000000dbb2a4e0,0x00000000dbc80000)
  to   space 17408K, 0% used [0x00000000dd400000,0x00000000dd400000,0x00000000de500000)
 ParOldGen       total 121344K, used 25681K [0x0000000084400000, 0x000000008ba80000, 0x00000000d6c00000)
  object space 121344K, 21% used [0x0000000084400000,0x0000000085d147c8,0x000000008ba80000)
 Metaspace       used 41998K, capacity 42706K, committed 43056K, reserved 1087488K
  class space    used 5363K, capacity 5575K, committed 5680K, reserved 1048576K
}

